<?xml version="1.0" encoding="UTF-8"?>
<!-- Generated by org.testng.reporters.JUnitXMLReporter -->
<testsuite ignored="0" hostname="MAVBCP3547" failures="0" tests="6" name="Default test" time="0.098" errors="0" timestamp="2021-12-01T14:11:59 IST">
  <testcase classname="com.sabbproject.examples.Grouping" name="myTestA" time="0.011"/>
  <testcase classname="com.sabbproject.examples.Grouping" name="myTestB" time="0.005"/>
  <testcase classname="com.sabbproject.examples.Grouping" name="myTestC" time="0.004"/>
  <testcase classname="com.sabbproject.examples.Grouping" name="myTestD" time="0.003"/>
  <testcase classname="com.sabbproject.examples.Grouping" name="myTestE" time="0.002"/>
  <testcase classname="com.sabbproject.examples.Grouping" name="myTestF" time="0.002"/>
</testsuite> <!-- Default test -->
