<?xml version="1.0" encoding="UTF-8"?>
<!-- Generated by org.testng.reporters.JUnitXMLReporter -->
<testsuite ignored="8" hostname="MAVBCP3547" failures="0" tests="1" name="Grouping" time="0.064" errors="0" timestamp="2021-12-02T13:10:49 IST">
  <testcase classname="com.sabbproject.examples.Grouping" name="myTestB" time="0.01"/>
  <testcase classname="com.sabbproject.examples.Annotations" name="firstTest" time="0.0">
    <ignored/>
  </testcase> <!-- firstTest -->
  <testcase classname="com.sabbproject.examples.Grouping" name="myTestD" time="0.0">
    <ignored/>
  </testcase> <!-- myTestD -->
  <testcase classname="com.sabbproject.examples.Annotations" name="secondTest" time="0.0">
    <ignored/>
  </testcase> <!-- secondTest -->
  <testcase classname="com.sabbproject.examples.Grouping" name="myTestC" time="0.0">
    <ignored/>
  </testcase> <!-- myTestC -->
  <testcase classname="com.sabbproject.examples.Grouping" name="myTestF" time="0.0">
    <ignored/>
  </testcase> <!-- myTestF -->
  <testcase classname="com.sabbproject.examples.Annotations" name="thirdTest" time="0.0">
    <ignored/>
  </testcase> <!-- thirdTest -->
  <testcase classname="com.sabbproject.examples.Grouping" name="myTestE" time="0.0">
    <ignored/>
  </testcase> <!-- myTestE -->
  <testcase classname="com.sabbproject.examples.Grouping" name="myTestA" time="0.0">
    <ignored/>
  </testcase> <!-- myTestA -->
</testsuite> <!-- Grouping -->
