<?xml version="1.0" encoding="UTF-8"?>
<!-- Generated by org.testng.reporters.JUnitXMLReporter -->
<testsuite ignored="0" hostname="MAVBCP3547" failures="4" tests="4" name="Test" time="0.173" errors="0" timestamp="2021-12-01T14:05:02 IST">
  <testcase classname="com.sabbproject.examples.Parallel" name="testCase2" time="0.064">
    <failure type="java.lang.ClassCastException" message="class java.util.Date cannot be cast to class java.sql.Date (java.util.Date is in module java.base of loader &amp;apos;bootstrap&amp;apos;; java.sql.Date is in module java.sql of loader &amp;apos;platform&amp;apos;)">
      <![CDATA[java.lang.ClassCastException: class java.util.Date cannot be cast to class java.sql.Date (java.util.Date is in module java.base of loader 'bootstrap'; java.sql.Date is in module java.sql of loader 'platform')
at com.sabbproject.examples.Parallel.getTime(Parallel.java:14)
at com.sabbproject.examples.Parallel.testCase2(Parallel.java:27)
at java.base/java.util.concurrent.ThreadPoolExecutor.runWorker(ThreadPoolExecutor.java:1130)
at java.base/java.util.concurrent.ThreadPoolExecutor$Worker.run(ThreadPoolExecutor.java:630)
at java.base/java.lang.Thread.run(Thread.java:831)
... Removed 12 stack frames]]>
    </failure>
  </testcase> <!-- testCase2 -->
  <testcase classname="com.sabbproject.examples.Parallel" name="testCase4" time="0.094">
    <failure type="java.lang.ClassCastException" message="class java.util.Date cannot be cast to class java.sql.Date (java.util.Date is in module java.base of loader &amp;apos;bootstrap&amp;apos;; java.sql.Date is in module java.sql of loader &amp;apos;platform&amp;apos;)">
      <![CDATA[java.lang.ClassCastException: class java.util.Date cannot be cast to class java.sql.Date (java.util.Date is in module java.base of loader 'bootstrap'; java.sql.Date is in module java.sql of loader 'platform')
at com.sabbproject.examples.Parallel.getTime(Parallel.java:14)
at com.sabbproject.examples.Parallel.testCase4(Parallel.java:37)
at java.base/java.util.concurrent.ThreadPoolExecutor.runWorker(ThreadPoolExecutor.java:1130)
at java.base/java.util.concurrent.ThreadPoolExecutor$Worker.run(ThreadPoolExecutor.java:630)
at java.base/java.lang.Thread.run(Thread.java:831)
... Removed 12 stack frames]]>
    </failure>
  </testcase> <!-- testCase4 -->
  <testcase classname="com.sabbproject.examples.Parallel" name="testCase1" time="0.101">
    <failure type="java.lang.ClassCastException" message="class java.util.Date cannot be cast to class java.sql.Date (java.util.Date is in module java.base of loader &amp;apos;bootstrap&amp;apos;; java.sql.Date is in module java.sql of loader &amp;apos;platform&amp;apos;)">
      <![CDATA[java.lang.ClassCastException: class java.util.Date cannot be cast to class java.sql.Date (java.util.Date is in module java.base of loader 'bootstrap'; java.sql.Date is in module java.sql of loader 'platform')
at com.sabbproject.examples.Parallel.getTime(Parallel.java:14)
at com.sabbproject.examples.Parallel.testCase1(Parallel.java:22)
at java.base/java.util.concurrent.ThreadPoolExecutor.runWorker(ThreadPoolExecutor.java:1130)
at java.base/java.util.concurrent.ThreadPoolExecutor$Worker.run(ThreadPoolExecutor.java:630)
at java.base/java.lang.Thread.run(Thread.java:831)
... Removed 12 stack frames]]>
    </failure>
  </testcase> <!-- testCase1 -->
  <testcase classname="com.sabbproject.examples.Parallel" name="testCase3" time="0.103">
    <failure type="java.lang.ClassCastException" message="class java.util.Date cannot be cast to class java.sql.Date (java.util.Date is in module java.base of loader &amp;apos;bootstrap&amp;apos;; java.sql.Date is in module java.sql of loader &amp;apos;platform&amp;apos;)">
      <![CDATA[java.lang.ClassCastException: class java.util.Date cannot be cast to class java.sql.Date (java.util.Date is in module java.base of loader 'bootstrap'; java.sql.Date is in module java.sql of loader 'platform')
at com.sabbproject.examples.Parallel.getTime(Parallel.java:14)
at com.sabbproject.examples.Parallel.testCase3(Parallel.java:32)
at java.base/java.util.concurrent.ThreadPoolExecutor.runWorker(ThreadPoolExecutor.java:1130)
at java.base/java.util.concurrent.ThreadPoolExecutor$Worker.run(ThreadPoolExecutor.java:630)
at java.base/java.lang.Thread.run(Thread.java:831)
... Removed 12 stack frames]]>
    </failure>
  </testcase> <!-- testCase3 -->
</testsuite> <!-- Test -->
