<?xml version="1.0" encoding="UTF-8"?>
<testng-results ignored="8" total="9" passed="1" failed="0" skipped="0">
  <reporter-output>
  </reporter-output>
  <suite started-at="2021-12-02T13:10:49 IST" name="Suite" finished-at="2021-12-02T13:10:49 IST" duration-ms="64">
    <groups>
      <group name="sanity">
        <method signature="Grouping.myTestB()[pri:0, instance:com.sabbproject.examples.Grouping@6da21078]" name="myTestB" class="com.sabbproject.examples.Grouping"/>
      </group> <!-- sanity -->
    </groups>
    <test started-at="2021-12-02T13:10:49 IST" name="Grouping" finished-at="2021-12-02T13:10:49 IST" duration-ms="64">
      <class name="com.sabbproject.examples.Grouping">
        <test-method signature="myTestB()[pri:0, instance:com.sabbproject.examples.Grouping@6da21078]" started-at="2021-12-02T13:10:49 IST" name="myTestB" finished-at="2021-12-02T13:10:49 IST" duration-ms="10" status="PASS">
          <reporter-output>
          </reporter-output>
        </test-method> <!-- myTestB -->
      </class> <!-- com.sabbproject.examples.Grouping -->
    </test> <!-- Grouping -->
  </suite> <!-- Suite -->
</testng-results>
